CRITICAL - 2022-03-08 19:49:01 --> Undefined variable: route
#0 C:\laragon\www\crudci\app\Config\Routes.php(38): CodeIgniter\Debug\Exceptions->errorHandler(8, 'Undefined varia...', 'C:\\laragon\\www\\...', 38, Array)
#1 C:\laragon\www\crudci\system\CodeIgniter.php(713): require('C:\\laragon\\www\\...')
#2 C:\laragon\www\crudci\system\CodeIgniter.php(368): CodeIgniter\CodeIgniter->tryToRouteIt(Object(CodeIgniter\Router\RouteCollection))
#3 C:\laragon\www\crudci\system\CodeIgniter.php(326): CodeIgniter\CodeIgniter->handleRequest(NULL, Object(Config\Cache), false)
#4 C:\laragon\www\crudci\public\index.php(37): CodeIgniter\CodeIgniter->run()
#5 {main}
CRITICAL - 2022-03-08 19:49:04 --> Undefined variable: route
#0 C:\laragon\www\crudci\app\Config\Routes.php(38): CodeIgniter\Debug\Exceptions->errorHandler(8, 'Undefined varia...', 'C:\\laragon\\www\\...', 38, Array)
#1 C:\laragon\www\crudci\system\CodeIgniter.php(713): require('C:\\laragon\\www\\...')
#2 C:\laragon\www\crudci\system\CodeIgniter.php(368): CodeIgniter\CodeIgniter->tryToRouteIt(Object(CodeIgniter\Router\RouteCollection))
#3 C:\laragon\www\crudci\system\CodeIgniter.php(326): CodeIgniter\CodeIgniter->handleRequest(NULL, Object(Config\Cache), false)
#4 C:\laragon\www\crudci\public\index.php(37): CodeIgniter\CodeIgniter->run()
#5 {main}
CRITICAL - 2022-03-08 20:37:14 --> Undefined variable: empresas
#0 C:\laragon\www\crudci\app\Views\companies\index.php(65): CodeIgniter\Debug\Exceptions->errorHandler(8, 'Undefined varia...', 'C:\\laragon\\www\\...', 65, Array)
#1 C:\laragon\www\crudci\system\View\View.php(210): include('C:\\laragon\\www\\...')
#2 C:\laragon\www\crudci\system\View\View.php(213): CodeIgniter\View\View->CodeIgniter\View\{closure}()
#3 C:\laragon\www\crudci\system\Common.php(1089): CodeIgniter\View\View->render('companies/index', Array, true)
#4 C:\laragon\www\crudci\app\Controllers\Company.php(24): view('companies/index', Array)
#5 C:\laragon\www\crudci\system\CodeIgniter.php(832): App\Controllers\Company->index()
#6 C:\laragon\www\crudci\system\CodeIgniter.php(419): CodeIgniter\CodeIgniter->runController(Object(App\Controllers\Company))
#7 C:\laragon\www\crudci\system\CodeIgniter.php(326): CodeIgniter\CodeIgniter->handleRequest(NULL, Object(Config\Cache), false)
#8 C:\laragon\www\crudci\public\index.php(37): CodeIgniter\CodeIgniter->run()
#9 {main}
CRITICAL - 2022-03-08 20:38:16 --> custom is not a valid Pager template.
#0 C:\laragon\www\crudci\system\Pager\Pager.php(120): CodeIgniter\Pager\Exceptions\PagerException::forInvalidTemplate('custom')
#1 C:\laragon\www\crudci\system\Pager\Pager.php(83): CodeIgniter\Pager\Pager->displayLinks('default', 'custom')
#2 C:\laragon\www\crudci\app\Views\companies\index.php(89): CodeIgniter\Pager\Pager->links('default', 'custom')
#3 C:\laragon\www\crudci\system\View\View.php(210): include('C:\\laragon\\www\\...')
#4 C:\laragon\www\crudci\system\View\View.php(213): CodeIgniter\View\View->CodeIgniter\View\{closure}()
#5 C:\laragon\www\crudci\system\Common.php(1089): CodeIgniter\View\View->render('companies/index', Array, true)
#6 C:\laragon\www\crudci\app\Controllers\Company.php(24): view('companies/index', Array)
#7 C:\laragon\www\crudci\system\CodeIgniter.php(832): App\Controllers\Company->index()
#8 C:\laragon\www\crudci\system\CodeIgniter.php(419): CodeIgniter\CodeIgniter->runController(Object(App\Controllers\Company))
#9 C:\laragon\www\crudci\system\CodeIgniter.php(326): CodeIgniter\CodeIgniter->handleRequest(NULL, Object(Config\Cache), false)
#10 C:\laragon\www\crudci\public\index.php(37): CodeIgniter\CodeIgniter->run()
#11 {main}
CRITICAL - 2022-03-08 20:38:19 --> custom is not a valid Pager template.
#0 C:\laragon\www\crudci\system\Pager\Pager.php(120): CodeIgniter\Pager\Exceptions\PagerException::forInvalidTemplate('custom')
#1 C:\laragon\www\crudci\system\Pager\Pager.php(83): CodeIgniter\Pager\Pager->displayLinks('default', 'custom')
#2 C:\laragon\www\crudci\app\Views\companies\index.php(89): CodeIgniter\Pager\Pager->links('default', 'custom')
#3 C:\laragon\www\crudci\system\View\View.php(210): include('C:\\laragon\\www\\...')
#4 C:\laragon\www\crudci\system\View\View.php(213): CodeIgniter\View\View->CodeIgniter\View\{closure}()
#5 C:\laragon\www\crudci\system\Common.php(1089): CodeIgniter\View\View->render('companies/index', Array, true)
#6 C:\laragon\www\crudci\app\Controllers\Company.php(24): view('companies/index', Array)
#7 C:\laragon\www\crudci\system\CodeIgniter.php(832): App\Controllers\Company->index()
#8 C:\laragon\www\crudci\system\CodeIgniter.php(419): CodeIgniter\CodeIgniter->runController(Object(App\Controllers\Company))
#9 C:\laragon\www\crudci\system\CodeIgniter.php(326): CodeIgniter\CodeIgniter->handleRequest(NULL, Object(Config\Cache), false)
#10 C:\laragon\www\crudci\public\index.php(37): CodeIgniter\CodeIgniter->run()
#11 {main}
CRITICAL - 2022-03-08 20:44:11 --> Call to a member function delete() on null
#0 C:\laragon\www\crudci\system\CodeIgniter.php(832): App\Controllers\Company->delete('1000')
#1 C:\laragon\www\crudci\system\CodeIgniter.php(419): CodeIgniter\CodeIgniter->runController(Object(App\Controllers\Company))
#2 C:\laragon\www\crudci\system\CodeIgniter.php(326): CodeIgniter\CodeIgniter->handleRequest(NULL, Object(Config\Cache), false)
#3 C:\laragon\www\crudci\public\index.php(37): CodeIgniter\CodeIgniter->run()
#4 {main}
CRITICAL - 2022-03-08 20:53:46 --> Undefined variable: view
#0 C:\laragon\www\crudci\app\Views\layout\master.php(237): CodeIgniter\Debug\Exceptions->errorHandler(8, 'Undefined varia...', 'C:\\laragon\\www\\...', 237, Array)
#1 C:\laragon\www\crudci\system\View\View.php(210): include('C:\\laragon\\www\\...')
#2 C:\laragon\www\crudci\system\View\View.php(213): CodeIgniter\View\View->CodeIgniter\View\{closure}()
#3 C:\laragon\www\crudci\system\View\View.php(226): CodeIgniter\View\View->render('layout/master', Array, true)
#4 C:\laragon\www\crudci\system\Common.php(1089): CodeIgniter\View\View->render('companies/index', Array, true)
#5 C:\laragon\www\crudci\app\Controllers\Company.php(24): view('companies/index', Array)
#6 C:\laragon\www\crudci\system\CodeIgniter.php(832): App\Controllers\Company->index()
#7 C:\laragon\www\crudci\system\CodeIgniter.php(419): CodeIgniter\CodeIgniter->runController(Object(App\Controllers\Company))
#8 C:\laragon\www\crudci\system\CodeIgniter.php(326): CodeIgniter\CodeIgniter->handleRequest(NULL, Object(Config\Cache), false)
#9 C:\laragon\www\crudci\public\index.php(37): CodeIgniter\CodeIgniter->run()
#10 {main}
CRITICAL - 2022-03-08 20:55:16 --> Undefined property: CodeIgniter\View\View::$session0
#0 C:\laragon\www\crudci\app\Views\shared\message.php(1): CodeIgniter\Debug\Exceptions->errorHandler(8, 'Undefined prope...', 'C:\\laragon\\www\\...', 1, Array)
#1 C:\laragon\www\crudci\system\View\View.php(210): include('C:\\laragon\\www\\...')
#2 C:\laragon\www\crudci\system\View\View.php(213): CodeIgniter\View\View->CodeIgniter\View\{closure}()
#3 C:\laragon\www\crudci\system\View\View.php(424): CodeIgniter\View\View->render('shared/message', NULL, true)
#4 C:\laragon\www\crudci\app\Views\layout\master.php(237): CodeIgniter\View\View->include('shared/message')
#5 C:\laragon\www\crudci\system\View\View.php(210): include('C:\\laragon\\www\\...')
#6 C:\laragon\www\crudci\system\View\View.php(213): CodeIgniter\View\View->CodeIgniter\View\{closure}()
#7 C:\laragon\www\crudci\system\View\View.php(226): CodeIgniter\View\View->render('layout/master', Array, true)
#8 C:\laragon\www\crudci\system\Common.php(1089): CodeIgniter\View\View->render('companies/index', Array, true)
#9 C:\laragon\www\crudci\app\Controllers\Company.php(24): view('companies/index', Array)
#10 C:\laragon\www\crudci\system\CodeIgniter.php(832): App\Controllers\Company->index()
#11 C:\laragon\www\crudci\system\CodeIgniter.php(419): CodeIgniter\CodeIgniter->runController(Object(App\Controllers\Company))
#12 C:\laragon\www\crudci\system\CodeIgniter.php(326): CodeIgniter\CodeIgniter->handleRequest(NULL, Object(Config\Cache), false)
#13 C:\laragon\www\crudci\public\index.php(37): CodeIgniter\CodeIgniter->run()
#14 {main}
CRITICAL - 2022-03-08 20:55:19 --> Undefined property: CodeIgniter\View\View::$session0
#0 C:\laragon\www\crudci\app\Views\shared\message.php(1): CodeIgniter\Debug\Exceptions->errorHandler(8, 'Undefined prope...', 'C:\\laragon\\www\\...', 1, Array)
#1 C:\laragon\www\crudci\system\View\View.php(210): include('C:\\laragon\\www\\...')
#2 C:\laragon\www\crudci\system\View\View.php(213): CodeIgniter\View\View->CodeIgniter\View\{closure}()
#3 C:\laragon\www\crudci\system\View\View.php(424): CodeIgniter\View\View->render('shared/message', NULL, true)
#4 C:\laragon\www\crudci\app\Views\layout\master.php(237): CodeIgniter\View\View->include('shared/message')
#5 C:\laragon\www\crudci\system\View\View.php(210): include('C:\\laragon\\www\\...')
#6 C:\laragon\www\crudci\system\View\View.php(213): CodeIgniter\View\View->CodeIgniter\View\{closure}()
#7 C:\laragon\www\crudci\system\View\View.php(226): CodeIgniter\View\View->render('layout/master', Array, true)
#8 C:\laragon\www\crudci\system\Common.php(1089): CodeIgniter\View\View->render('companies/index', Array, true)
#9 C:\laragon\www\crudci\app\Controllers\Company.php(24): view('companies/index', Array)
#10 C:\laragon\www\crudci\system\CodeIgniter.php(832): App\Controllers\Company->index()
#11 C:\laragon\www\crudci\system\CodeIgniter.php(419): CodeIgniter\CodeIgniter->runController(Object(App\Controllers\Company))
#12 C:\laragon\www\crudci\system\CodeIgniter.php(326): CodeIgniter\CodeIgniter->handleRequest(NULL, Object(Config\Cache), false)
#13 C:\laragon\www\crudci\public\index.php(37): CodeIgniter\CodeIgniter->run()
#14 {main}
CRITICAL - 2022-03-08 20:58:46 --> Undefined variable: session
#0 C:\laragon\www\crudci\app\Views\shared\message.php(2): CodeIgniter\Debug\Exceptions->errorHandler(8, 'Undefined varia...', 'C:\\laragon\\www\\...', 2, Array)
#1 C:\laragon\www\crudci\system\View\View.php(210): include('C:\\laragon\\www\\...')
#2 C:\laragon\www\crudci\system\View\View.php(213): CodeIgniter\View\View->CodeIgniter\View\{closure}()
#3 C:\laragon\www\crudci\system\View\View.php(424): CodeIgniter\View\View->render('shared/message', NULL, true)
#4 C:\laragon\www\crudci\app\Views\layout\master.php(237): CodeIgniter\View\View->include('shared/message')
#5 C:\laragon\www\crudci\system\View\View.php(210): include('C:\\laragon\\www\\...')
#6 C:\laragon\www\crudci\system\View\View.php(213): CodeIgniter\View\View->CodeIgniter\View\{closure}()
#7 C:\laragon\www\crudci\system\View\View.php(226): CodeIgniter\View\View->render('layout/master', Array, true)
#8 C:\laragon\www\crudci\system\Common.php(1089): CodeIgniter\View\View->render('companies/index', Array, true)
#9 C:\laragon\www\crudci\app\Controllers\Company.php(24): view('companies/index', Array)
#10 C:\laragon\www\crudci\system\CodeIgniter.php(832): App\Controllers\Company->index()
#11 C:\laragon\www\crudci\system\CodeIgniter.php(419): CodeIgniter\CodeIgniter->runController(Object(App\Controllers\Company))
#12 C:\laragon\www\crudci\system\CodeIgniter.php(326): CodeIgniter\CodeIgniter->handleRequest(NULL, Object(Config\Cache), false)
#13 C:\laragon\www\crudci\public\index.php(37): CodeIgniter\CodeIgniter->run()
#14 {main}
CRITICAL - 2022-03-08 20:59:09 --> Undefined variable: session
#0 C:\laragon\www\crudci\app\Views\shared\message.php(2): CodeIgniter\Debug\Exceptions->errorHandler(8, 'Undefined varia...', 'C:\\laragon\\www\\...', 2, Array)
#1 C:\laragon\www\crudci\system\View\View.php(210): include('C:\\laragon\\www\\...')
#2 C:\laragon\www\crudci\system\View\View.php(213): CodeIgniter\View\View->CodeIgniter\View\{closure}()
#3 C:\laragon\www\crudci\system\View\View.php(424): CodeIgniter\View\View->render('shared/message', NULL, true)
#4 C:\laragon\www\crudci\app\Views\layout\master.php(237): CodeIgniter\View\View->include('shared/message')
#5 C:\laragon\www\crudci\system\View\View.php(210): include('C:\\laragon\\www\\...')
#6 C:\laragon\www\crudci\system\View\View.php(213): CodeIgniter\View\View->CodeIgniter\View\{closure}()
#7 C:\laragon\www\crudci\system\View\View.php(226): CodeIgniter\View\View->render('layout/master', Array, true)
#8 C:\laragon\www\crudci\system\Common.php(1089): CodeIgniter\View\View->render('companies/index', Array, true)
#9 C:\laragon\www\crudci\app\Controllers\Company.php(24): view('companies/index', Array)
#10 C:\laragon\www\crudci\system\CodeIgniter.php(832): App\Controllers\Company->index()
#11 C:\laragon\www\crudci\system\CodeIgniter.php(419): CodeIgniter\CodeIgniter->runController(Object(App\Controllers\Company))
#12 C:\laragon\www\crudci\system\CodeIgniter.php(326): CodeIgniter\CodeIgniter->handleRequest(NULL, Object(Config\Cache), false)
#13 C:\laragon\www\crudci\public\index.php(37): CodeIgniter\CodeIgniter->run()
#14 {main}
CRITICAL - 2022-03-08 20:59:58 --> Undefined property: CodeIgniter\View\View::$session
#0 C:\laragon\www\crudci\app\Views\shared\message.php(2): CodeIgniter\Debug\Exceptions->errorHandler(8, 'Undefined prope...', 'C:\\laragon\\www\\...', 2, Array)
#1 C:\laragon\www\crudci\system\View\View.php(210): include('C:\\laragon\\www\\...')
#2 C:\laragon\www\crudci\system\View\View.php(213): CodeIgniter\View\View->CodeIgniter\View\{closure}()
#3 C:\laragon\www\crudci\system\View\View.php(424): CodeIgniter\View\View->render('shared/message', NULL, true)
#4 C:\laragon\www\crudci\app\Views\layout\master.php(237): CodeIgniter\View\View->include('shared/message')
#5 C:\laragon\www\crudci\system\View\View.php(210): include('C:\\laragon\\www\\...')
#6 C:\laragon\www\crudci\system\View\View.php(213): CodeIgniter\View\View->CodeIgniter\View\{closure}()
#7 C:\laragon\www\crudci\system\View\View.php(226): CodeIgniter\View\View->render('layout/master', Array, true)
#8 C:\laragon\www\crudci\system\Common.php(1089): CodeIgniter\View\View->render('companies/index', Array, true)
#9 C:\laragon\www\crudci\app\Controllers\Company.php(24): view('companies/index', Array)
#10 C:\laragon\www\crudci\system\CodeIgniter.php(832): App\Controllers\Company->index()
#11 C:\laragon\www\crudci\system\CodeIgniter.php(419): CodeIgniter\CodeIgniter->runController(Object(App\Controllers\Company))
#12 C:\laragon\www\crudci\system\CodeIgniter.php(326): CodeIgniter\CodeIgniter->handleRequest(NULL, Object(Config\Cache), false)
#13 C:\laragon\www\crudci\public\index.php(37): CodeIgniter\CodeIgniter->run()
#14 {main}
CRITICAL - 2022-03-08 21:00:42 --> Undefined property: CodeIgniter\View\View::$session
#0 C:\laragon\www\crudci\app\Views\shared\message.php(1): CodeIgniter\Debug\Exceptions->errorHandler(8, 'Undefined prope...', 'C:\\laragon\\www\\...', 1, Array)
#1 C:\laragon\www\crudci\system\View\View.php(210): include('C:\\laragon\\www\\...')
#2 C:\laragon\www\crudci\system\View\View.php(213): CodeIgniter\View\View->CodeIgniter\View\{closure}()
#3 C:\laragon\www\crudci\system\View\View.php(424): CodeIgniter\View\View->render('shared/message', NULL, true)
#4 C:\laragon\www\crudci\app\Views\layout\master.php(237): CodeIgniter\View\View->include('shared/message')
#5 C:\laragon\www\crudci\system\View\View.php(210): include('C:\\laragon\\www\\...')
#6 C:\laragon\www\crudci\system\View\View.php(213): CodeIgniter\View\View->CodeIgniter\View\{closure}()
#7 C:\laragon\www\crudci\system\View\View.php(226): CodeIgniter\View\View->render('layout/master', Array, true)
#8 C:\laragon\www\crudci\system\Common.php(1089): CodeIgniter\View\View->render('companies/index', Array, true)
#9 C:\laragon\www\crudci\app\Controllers\Company.php(24): view('companies/index', Array)
#10 C:\laragon\www\crudci\system\CodeIgniter.php(832): App\Controllers\Company->index()
#11 C:\laragon\www\crudci\system\CodeIgniter.php(419): CodeIgniter\CodeIgniter->runController(Object(App\Controllers\Company))
#12 C:\laragon\www\crudci\system\CodeIgniter.php(326): CodeIgniter\CodeIgniter->handleRequest(NULL, Object(Config\Cache), false)
#13 C:\laragon\www\crudci\public\index.php(37): CodeIgniter\CodeIgniter->run()
#14 {main}
CRITICAL - 2022-03-08 21:01:01 --> Undefined variable: session
#0 C:\laragon\www\crudci\app\Views\shared\message.php(1): CodeIgniter\Debug\Exceptions->errorHandler(8, 'Undefined varia...', 'C:\\laragon\\www\\...', 1, Array)
#1 C:\laragon\www\crudci\system\View\View.php(210): include('C:\\laragon\\www\\...')
#2 C:\laragon\www\crudci\system\View\View.php(213): CodeIgniter\View\View->CodeIgniter\View\{closure}()
#3 C:\laragon\www\crudci\system\View\View.php(424): CodeIgniter\View\View->render('shared/message', NULL, true)
#4 C:\laragon\www\crudci\app\Views\layout\master.php(237): CodeIgniter\View\View->include('shared/message')
#5 C:\laragon\www\crudci\system\View\View.php(210): include('C:\\laragon\\www\\...')
#6 C:\laragon\www\crudci\system\View\View.php(213): CodeIgniter\View\View->CodeIgniter\View\{closure}()
#7 C:\laragon\www\crudci\system\View\View.php(226): CodeIgniter\View\View->render('layout/master', Array, true)
#8 C:\laragon\www\crudci\system\Common.php(1089): CodeIgniter\View\View->render('companies/index', Array, true)
#9 C:\laragon\www\crudci\app\Controllers\Company.php(24): view('companies/index', Array)
#10 C:\laragon\www\crudci\system\CodeIgniter.php(832): App\Controllers\Company->index()
#11 C:\laragon\www\crudci\system\CodeIgniter.php(419): CodeIgniter\CodeIgniter->runController(Object(App\Controllers\Company))
#12 C:\laragon\www\crudci\system\CodeIgniter.php(326): CodeIgniter\CodeIgniter->handleRequest(NULL, Object(Config\Cache), false)
#13 C:\laragon\www\crudci\public\index.php(37): CodeIgniter\CodeIgniter->run()
#14 {main}
CRITICAL - 2022-03-08 21:01:24 --> Undefined property: CodeIgniter\View\View::$session
#0 C:\laragon\www\crudci\app\Views\shared\message.php(1): CodeIgniter\Debug\Exceptions->errorHandler(8, 'Undefined prope...', 'C:\\laragon\\www\\...', 1, Array)
#1 C:\laragon\www\crudci\system\View\View.php(210): include('C:\\laragon\\www\\...')
#2 C:\laragon\www\crudci\system\View\View.php(213): CodeIgniter\View\View->CodeIgniter\View\{closure}()
#3 C:\laragon\www\crudci\system\View\View.php(424): CodeIgniter\View\View->render('shared/message', NULL, true)
#4 C:\laragon\www\crudci\app\Views\layout\master.php(237): CodeIgniter\View\View->include('shared/message')
#5 C:\laragon\www\crudci\system\View\View.php(210): include('C:\\laragon\\www\\...')
#6 C:\laragon\www\crudci\system\View\View.php(213): CodeIgniter\View\View->CodeIgniter\View\{closure}()
#7 C:\laragon\www\crudci\system\View\View.php(226): CodeIgniter\View\View->render('layout/master', Array, true)
#8 C:\laragon\www\crudci\system\Common.php(1089): CodeIgniter\View\View->render('companies/index', Array, true)
#9 C:\laragon\www\crudci\app\Controllers\Company.php(24): view('companies/index', Array)
#10 C:\laragon\www\crudci\system\CodeIgniter.php(832): App\Controllers\Company->index()
#11 C:\laragon\www\crudci\system\CodeIgniter.php(419): CodeIgniter\CodeIgniter->runController(Object(App\Controllers\Company))
#12 C:\laragon\www\crudci\system\CodeIgniter.php(326): CodeIgniter\CodeIgniter->handleRequest(NULL, Object(Config\Cache), false)
#13 C:\laragon\www\crudci\public\index.php(37): CodeIgniter\CodeIgniter->run()
#14 {main}
CRITICAL - 2022-03-08 21:03:52 --> Undefined variable: session
#0 C:\laragon\www\crudci\app\Views\shared\message.php(1): CodeIgniter\Debug\Exceptions->errorHandler(8, 'Undefined varia...', 'C:\\laragon\\www\\...', 1, Array)
#1 C:\laragon\www\crudci\system\View\View.php(210): include('C:\\laragon\\www\\...')
#2 C:\laragon\www\crudci\system\View\View.php(213): CodeIgniter\View\View->CodeIgniter\View\{closure}()
#3 C:\laragon\www\crudci\system\View\View.php(424): CodeIgniter\View\View->render('shared/message', NULL, true)
#4 C:\laragon\www\crudci\app\Views\layout\master.php(237): CodeIgniter\View\View->include('shared/message')
#5 C:\laragon\www\crudci\system\View\View.php(210): include('C:\\laragon\\www\\...')
#6 C:\laragon\www\crudci\system\View\View.php(213): CodeIgniter\View\View->CodeIgniter\View\{closure}()
#7 C:\laragon\www\crudci\system\View\View.php(226): CodeIgniter\View\View->render('layout/master', Array, true)
#8 C:\laragon\www\crudci\system\Common.php(1089): CodeIgniter\View\View->render('companies/index', Array, true)
#9 C:\laragon\www\crudci\app\Controllers\Company.php(24): view('companies/index', Array)
#10 C:\laragon\www\crudci\system\CodeIgniter.php(832): App\Controllers\Company->index()
#11 C:\laragon\www\crudci\system\CodeIgniter.php(419): CodeIgniter\CodeIgniter->runController(Object(App\Controllers\Company))
#12 C:\laragon\www\crudci\system\CodeIgniter.php(326): CodeIgniter\CodeIgniter->handleRequest(NULL, Object(Config\Cache), false)
#13 C:\laragon\www\crudci\public\index.php(37): CodeIgniter\CodeIgniter->run()
#14 {main}
CRITICAL - 2022-03-08 21:20:44 --> Use of undefined constant type - assumed 'type' (this will throw an Error in a future version of PHP)
#0 C:\laragon\www\crudci\app\Views\shared\message.php(1): CodeIgniter\Debug\Exceptions->errorHandler(2, 'Use of undefine...', 'C:\\laragon\\www\\...', 1, Array)
#1 C:\laragon\www\crudci\system\View\View.php(210): include('C:\\laragon\\www\\...')
#2 C:\laragon\www\crudci\system\View\View.php(213): CodeIgniter\View\View->CodeIgniter\View\{closure}()
#3 C:\laragon\www\crudci\system\View\View.php(424): CodeIgniter\View\View->render('shared/message', NULL, true)
#4 C:\laragon\www\crudci\app\Views\layout\master.php(237): CodeIgniter\View\View->include('shared/message')
#5 C:\laragon\www\crudci\system\View\View.php(210): include('C:\\laragon\\www\\...')
#6 C:\laragon\www\crudci\system\View\View.php(213): CodeIgniter\View\View->CodeIgniter\View\{closure}()
#7 C:\laragon\www\crudci\system\View\View.php(226): CodeIgniter\View\View->render('layout/master', Array, true)
#8 C:\laragon\www\crudci\system\Common.php(1089): CodeIgniter\View\View->render('companies/index', Array, true)
#9 C:\laragon\www\crudci\app\Controllers\Company.php(24): view('companies/index', Array)
#10 C:\laragon\www\crudci\system\CodeIgniter.php(832): App\Controllers\Company->index()
#11 C:\laragon\www\crudci\system\CodeIgniter.php(419): CodeIgniter\CodeIgniter->runController(Object(App\Controllers\Company))
#12 C:\laragon\www\crudci\system\CodeIgniter.php(326): CodeIgniter\CodeIgniter->handleRequest(NULL, Object(Config\Cache), false)
#13 C:\laragon\www\crudci\public\index.php(37): CodeIgniter\CodeIgniter->run()
#14 {main}
CRITICAL - 2022-03-08 21:39:28 --> Undefined variable: hasValidationError
#0 C:\laragon\www\crudci\app\Views\companies\new.php(48): CodeIgniter\Debug\Exceptions->errorHandler(8, 'Undefined varia...', 'C:\\laragon\\www\\...', 48, Array)
#1 C:\laragon\www\crudci\system\View\View.php(210): include('C:\\laragon\\www\\...')
#2 C:\laragon\www\crudci\system\View\View.php(213): CodeIgniter\View\View->CodeIgniter\View\{closure}()
#3 C:\laragon\www\crudci\system\Common.php(1089): CodeIgniter\View\View->render('companies/new', Array, true)
#4 C:\laragon\www\crudci\app\Controllers\Company.php(36): view('companies/new')
#5 C:\laragon\www\crudci\system\CodeIgniter.php(832): App\Controllers\Company->new()
#6 C:\laragon\www\crudci\system\CodeIgniter.php(419): CodeIgniter\CodeIgniter->runController(Object(App\Controllers\Company))
#7 C:\laragon\www\crudci\system\CodeIgniter.php(326): CodeIgniter\CodeIgniter->handleRequest(NULL, Object(Config\Cache), false)
#8 C:\laragon\www\crudci\public\index.php(37): CodeIgniter\CodeIgniter->run()
#9 {main}
CRITICAL - 2022-03-08 21:39:50 --> Undefined variable: hasValidationError
#0 C:\laragon\www\crudci\app\Views\companies\new.php(48): CodeIgniter\Debug\Exceptions->errorHandler(8, 'Undefined varia...', 'C:\\laragon\\www\\...', 48, Array)
#1 C:\laragon\www\crudci\system\View\View.php(210): include('C:\\laragon\\www\\...')
#2 C:\laragon\www\crudci\system\View\View.php(213): CodeIgniter\View\View->CodeIgniter\View\{closure}()
#3 C:\laragon\www\crudci\system\Common.php(1089): CodeIgniter\View\View->render('companies/new', Array, true)
#4 C:\laragon\www\crudci\app\Controllers\Company.php(36): view('companies/new')
#5 C:\laragon\www\crudci\system\CodeIgniter.php(832): App\Controllers\Company->new()
#6 C:\laragon\www\crudci\system\CodeIgniter.php(419): CodeIgniter\CodeIgniter->runController(Object(App\Controllers\Company))
#7 C:\laragon\www\crudci\system\CodeIgniter.php(326): CodeIgniter\CodeIgniter->handleRequest(NULL, Object(Config\Cache), false)
#8 C:\laragon\www\crudci\public\index.php(37): CodeIgniter\CodeIgniter->run()
#9 {main}
CRITICAL - 2022-03-08 21:39:52 --> Undefined variable: hasValidationError
#0 C:\laragon\www\crudci\app\Views\companies\new.php(48): CodeIgniter\Debug\Exceptions->errorHandler(8, 'Undefined varia...', 'C:\\laragon\\www\\...', 48, Array)
#1 C:\laragon\www\crudci\system\View\View.php(210): include('C:\\laragon\\www\\...')
#2 C:\laragon\www\crudci\system\View\View.php(213): CodeIgniter\View\View->CodeIgniter\View\{closure}()
#3 C:\laragon\www\crudci\system\Common.php(1089): CodeIgniter\View\View->render('companies/new', Array, true)
#4 C:\laragon\www\crudci\app\Controllers\Company.php(36): view('companies/new')
#5 C:\laragon\www\crudci\system\CodeIgniter.php(832): App\Controllers\Company->new()
#6 C:\laragon\www\crudci\system\CodeIgniter.php(419): CodeIgniter\CodeIgniter->runController(Object(App\Controllers\Company))
#7 C:\laragon\www\crudci\system\CodeIgniter.php(326): CodeIgniter\CodeIgniter->handleRequest(NULL, Object(Config\Cache), false)
#8 C:\laragon\www\crudci\public\index.php(37): CodeIgniter\CodeIgniter->run()
#9 {main}
CRITICAL - 2022-03-08 21:40:28 --> Undefined variable: hasValidationErrors
#0 C:\laragon\www\crudci\app\Views\shared\message.php(1): CodeIgniter\Debug\Exceptions->errorHandler(8, 'Undefined varia...', 'C:\\laragon\\www\\...', 1, Array)
#1 C:\laragon\www\crudci\system\View\View.php(210): include('C:\\laragon\\www\\...')
#2 C:\laragon\www\crudci\system\View\View.php(213): CodeIgniter\View\View->CodeIgniter\View\{closure}()
#3 C:\laragon\www\crudci\system\View\View.php(424): CodeIgniter\View\View->render('shared/message', NULL, true)
#4 C:\laragon\www\crudci\app\Views\layout\master.php(237): CodeIgniter\View\View->include('shared/message')
#5 C:\laragon\www\crudci\system\View\View.php(210): include('C:\\laragon\\www\\...')
#6 C:\laragon\www\crudci\system\View\View.php(213): CodeIgniter\View\View->CodeIgniter\View\{closure}()
#7 C:\laragon\www\crudci\system\View\View.php(226): CodeIgniter\View\View->render('layout/master', Array, true)
#8 C:\laragon\www\crudci\system\Common.php(1089): CodeIgniter\View\View->render('companies/new', Array, true)
#9 C:\laragon\www\crudci\app\Controllers\Company.php(36): view('companies/new')
#10 C:\laragon\www\crudci\system\CodeIgniter.php(832): App\Controllers\Company->new()
#11 C:\laragon\www\crudci\system\CodeIgniter.php(419): CodeIgniter\CodeIgniter->runController(Object(App\Controllers\Company))
#12 C:\laragon\www\crudci\system\CodeIgniter.php(326): CodeIgniter\CodeIgniter->handleRequest(NULL, Object(Config\Cache), false)
#13 C:\laragon\www\crudci\public\index.php(37): CodeIgniter\CodeIgniter->run()
#14 {main}
CRITICAL - 2022-03-08 21:47:30 --> Undefined variable: data
#0 C:\laragon\www\crudci\app\Controllers\Company.php(33): CodeIgniter\Debug\Exceptions->errorHandler(8, 'Undefined varia...', 'C:\\laragon\\www\\...', 33, Array)
#1 C:\laragon\www\crudci\system\CodeIgniter.php(832): App\Controllers\Company->new()
#2 C:\laragon\www\crudci\system\CodeIgniter.php(419): CodeIgniter\CodeIgniter->runController(Object(App\Controllers\Company))
#3 C:\laragon\www\crudci\system\CodeIgniter.php(326): CodeIgniter\CodeIgniter->handleRequest(NULL, Object(Config\Cache), false)
#4 C:\laragon\www\crudci\public\index.php(37): CodeIgniter\CodeIgniter->run()
#5 {main}
