CRITICAL - 2022-03-09 07:29:45 --> syntax error, unexpected '',' (T_CONSTANT_ENCAPSED_STRING), expecting ']'
#0 C:\laragon\www\crudci\system\Autoloader\Autoloader.php(241): CodeIgniter\Autoloader\Autoloader->includeFile('C:\\laragon\\www\\...')
#1 C:\laragon\www\crudci\system\Autoloader\Autoloader.php(219): CodeIgniter\Autoloader\Autoloader->loadInNamespace('App\\Models\\Comp...')
#2 [internal function]: CodeIgniter\Autoloader\Autoloader->loadClass('App\\Models\\Comp...')
#3 [internal function]: spl_autoload_call('App\\Models\\Comp...')
#4 C:\laragon\www\crudci\system\Config\Factories.php(136): class_exists('App\\Models\\Comp...')
#5 C:\laragon\www\crudci\system\Config\Factories.php(106): CodeIgniter\Config\Factories::locateClass(Array, 'App\\Models\\Comp...')
#6 C:\laragon\www\crudci\system\Common.php(780): CodeIgniter\Config\Factories::__callStatic('models', Array)
#7 C:\laragon\www\crudci\app\Controllers\Company.php(31): model('App\\Models\\Comp...')
#8 C:\laragon\www\crudci\system\CodeIgniter.php(832): App\Controllers\Company->new()
#9 C:\laragon\www\crudci\system\CodeIgniter.php(419): CodeIgniter\CodeIgniter->runController(Object(App\Controllers\Company))
#10 C:\laragon\www\crudci\system\CodeIgniter.php(326): CodeIgniter\CodeIgniter->handleRequest(NULL, Object(Config\Cache), false)
#11 C:\laragon\www\crudci\public\index.php(37): CodeIgniter\CodeIgniter->run()
#12 {main}
CRITICAL - 2022-03-09 08:59:38 --> xss_clean is not a valid rule.
#0 C:\laragon\www\crudci\system\Validation\Validation.php(300): CodeIgniter\Validation\Exceptions\ValidationException::forRuleNotFound('xss_clean')
#1 C:\laragon\www\crudci\system\Validation\Validation.php(157): CodeIgniter\Validation\Validation->processRules('nit', 'nit', '9999-999999-999...', Array, Array)
#2 C:\laragon\www\crudci\system\BaseModel.php(1347): CodeIgniter\Validation\Validation->run(Array, NULL, NULL)
#3 C:\laragon\www\crudci\system\BaseModel.php(707): CodeIgniter\BaseModel->validate(Array)
#4 C:\laragon\www\crudci\system\Model.php(625): CodeIgniter\BaseModel->insert(Array, true)
#5 C:\laragon\www\crudci\app\Controllers\Company.php(45): CodeIgniter\Model->insert(Array)
#6 C:\laragon\www\crudci\system\CodeIgniter.php(832): App\Controllers\Company->new()
#7 C:\laragon\www\crudci\system\CodeIgniter.php(419): CodeIgniter\CodeIgniter->runController(Object(App\Controllers\Company))
#8 C:\laragon\www\crudci\system\CodeIgniter.php(326): CodeIgniter\CodeIgniter->handleRequest(NULL, Object(Config\Cache), false)
#9 C:\laragon\www\crudci\public\index.php(37): CodeIgniter\CodeIgniter->run()
#10 {main}
CRITICAL - 2022-03-09 09:17:26 --> Invalid file: companies/edit/.php
#0 C:\laragon\www\crudci\system\View\View.php(198): CodeIgniter\Exceptions\FrameworkException::forInvalidFile('companies/edit/...')
#1 C:\laragon\www\crudci\system\Common.php(1089): CodeIgniter\View\View->render('companies/edit/', Array, true)
#2 C:\laragon\www\crudci\app\Controllers\Company.php(85): view('companies/edit/', Array)
#3 C:\laragon\www\crudci\system\CodeIgniter.php(832): App\Controllers\Company->edit('991')
#4 C:\laragon\www\crudci\system\CodeIgniter.php(419): CodeIgniter\CodeIgniter->runController(Object(App\Controllers\Company))
#5 C:\laragon\www\crudci\system\CodeIgniter.php(326): CodeIgniter\CodeIgniter->handleRequest(NULL, Object(Config\Cache), false)
#6 C:\laragon\www\crudci\public\index.php(37): CodeIgniter\CodeIgniter->run()
#7 {main}
CRITICAL - 2022-03-09 09:17:42 --> Undefined variable: company
#0 C:\laragon\www\crudci\app\Views\companies\edit.php(50): CodeIgniter\Debug\Exceptions->errorHandler(8, 'Undefined varia...', 'C:\\laragon\\www\\...', 50, Array)
#1 C:\laragon\www\crudci\system\View\View.php(210): include('C:\\laragon\\www\\...')
#2 C:\laragon\www\crudci\system\View\View.php(213): CodeIgniter\View\View->CodeIgniter\View\{closure}()
#3 C:\laragon\www\crudci\system\Common.php(1089): CodeIgniter\View\View->render('companies/edit', Array, true)
#4 C:\laragon\www\crudci\app\Controllers\Company.php(85): view('companies/edit', Array)
#5 C:\laragon\www\crudci\system\CodeIgniter.php(832): App\Controllers\Company->edit('991')
#6 C:\laragon\www\crudci\system\CodeIgniter.php(419): CodeIgniter\CodeIgniter->runController(Object(App\Controllers\Company))
#7 C:\laragon\www\crudci\system\CodeIgniter.php(326): CodeIgniter\CodeIgniter->handleRequest(NULL, Object(Config\Cache), false)
#8 C:\laragon\www\crudci\public\index.php(37): CodeIgniter\CodeIgniter->run()
#9 {main}
CRITICAL - 2022-03-09 10:19:55 --> Array to string conversion
#0 C:\laragon\www\crudci\app\Controllers\Company.php(26): CodeIgniter\Debug\Exceptions->errorHandler(8, 'Array to string...', 'C:\\laragon\\www\\...', 26, Array)
#1 C:\laragon\www\crudci\system\CodeIgniter.php(832): App\Controllers\Company->index()
#2 C:\laragon\www\crudci\system\CodeIgniter.php(419): CodeIgniter\CodeIgniter->runController(Object(App\Controllers\Company))
#3 C:\laragon\www\crudci\system\CodeIgniter.php(326): CodeIgniter\CodeIgniter->handleRequest(NULL, Object(Config\Cache), false)
#4 C:\laragon\www\crudci\public\index.php(37): CodeIgniter\CodeIgniter->run()
#5 {main}
CRITICAL - 2022-03-09 10:20:02 --> Call to a member function paginate() on array
#0 C:\laragon\www\crudci\system\CodeIgniter.php(832): App\Controllers\Company->index()
#1 C:\laragon\www\crudci\system\CodeIgniter.php(419): CodeIgniter\CodeIgniter->runController(Object(App\Controllers\Company))
#2 C:\laragon\www\crudci\system\CodeIgniter.php(326): CodeIgniter\CodeIgniter->handleRequest(NULL, Object(Config\Cache), false)
#3 C:\laragon\www\crudci\public\index.php(37): CodeIgniter\CodeIgniter->run()
#4 {main}
CRITICAL - 2022-03-09 10:20:05 --> Call to a member function paginate() on array
#0 C:\laragon\www\crudci\system\CodeIgniter.php(832): App\Controllers\Company->index()
#1 C:\laragon\www\crudci\system\CodeIgniter.php(419): CodeIgniter\CodeIgniter->runController(Object(App\Controllers\Company))
#2 C:\laragon\www\crudci\system\CodeIgniter.php(326): CodeIgniter\CodeIgniter->handleRequest(NULL, Object(Config\Cache), false)
#3 C:\laragon\www\crudci\public\index.php(37): CodeIgniter\CodeIgniter->run()
#4 {main}
CRITICAL - 2022-03-09 10:20:37 --> Undefined variable: comp
#0 C:\laragon\www\crudci\app\Controllers\Company.php(29): CodeIgniter\Debug\Exceptions->errorHandler(8, 'Undefined varia...', 'C:\\laragon\\www\\...', 29, Array)
#1 C:\laragon\www\crudci\system\CodeIgniter.php(832): App\Controllers\Company->index()
#2 C:\laragon\www\crudci\system\CodeIgniter.php(419): CodeIgniter\CodeIgniter->runController(Object(App\Controllers\Company))
#3 C:\laragon\www\crudci\system\CodeIgniter.php(326): CodeIgniter\CodeIgniter->handleRequest(NULL, Object(Config\Cache), false)
#4 C:\laragon\www\crudci\public\index.php(37): CodeIgniter\CodeIgniter->run()
#5 {main}
CRITICAL - 2022-03-09 10:20:48 --> Call to a member function links() on null
#0 C:\laragon\www\crudci\system\View\View.php(210): include()
#1 C:\laragon\www\crudci\system\View\View.php(213): CodeIgniter\View\View->CodeIgniter\View\{closure}()
#2 C:\laragon\www\crudci\system\Common.php(1089): CodeIgniter\View\View->render('companies/index', Array, true)
#3 C:\laragon\www\crudci\app\Controllers\Company.php(34): view('companies/index', Array)
#4 C:\laragon\www\crudci\system\CodeIgniter.php(832): App\Controllers\Company->index()
#5 C:\laragon\www\crudci\system\CodeIgniter.php(419): CodeIgniter\CodeIgniter->runController(Object(App\Controllers\Company))
#6 C:\laragon\www\crudci\system\CodeIgniter.php(326): CodeIgniter\CodeIgniter->handleRequest(NULL, Object(Config\Cache), false)
#7 C:\laragon\www\crudci\public\index.php(37): CodeIgniter\CodeIgniter->run()
#8 {main}
CRITICAL - 2022-03-09 10:21:02 --> Call to a member function paginate() on array
#0 C:\laragon\www\crudci\system\CodeIgniter.php(832): App\Controllers\Company->index()
#1 C:\laragon\www\crudci\system\CodeIgniter.php(419): CodeIgniter\CodeIgniter->runController(Object(App\Controllers\Company))
#2 C:\laragon\www\crudci\system\CodeIgniter.php(326): CodeIgniter\CodeIgniter->handleRequest(NULL, Object(Config\Cache), false)
#3 C:\laragon\www\crudci\public\index.php(37): CodeIgniter\CodeIgniter->run()
#4 {main}
CRITICAL - 2022-03-09 10:21:07 --> Call to a member function paginate() on array
#0 C:\laragon\www\crudci\system\CodeIgniter.php(832): App\Controllers\Company->index()
#1 C:\laragon\www\crudci\system\CodeIgniter.php(419): CodeIgniter\CodeIgniter->runController(Object(App\Controllers\Company))
#2 C:\laragon\www\crudci\system\CodeIgniter.php(326): CodeIgniter\CodeIgniter->handleRequest(NULL, Object(Config\Cache), false)
#3 C:\laragon\www\crudci\public\index.php(37): CodeIgniter\CodeIgniter->run()
#4 {main}
CRITICAL - 2022-03-09 10:34:41 --> syntax error, unexpected '?>', expecting ':'
#0 C:\laragon\www\crudci\system\View\View.php(213): CodeIgniter\View\View->CodeIgniter\View\{closure}()
#1 C:\laragon\www\crudci\system\Common.php(1089): CodeIgniter\View\View->render('companies/index', Array, true)
#2 C:\laragon\www\crudci\app\Controllers\Company.php(37): view('companies/index', Array)
#3 C:\laragon\www\crudci\system\CodeIgniter.php(832): App\Controllers\Company->index()
#4 C:\laragon\www\crudci\system\CodeIgniter.php(419): CodeIgniter\CodeIgniter->runController(Object(App\Controllers\Company))
#5 C:\laragon\www\crudci\system\CodeIgniter.php(326): CodeIgniter\CodeIgniter->handleRequest(NULL, Object(Config\Cache), false)
#6 C:\laragon\www\crudci\public\index.php(37): CodeIgniter\CodeIgniter->run()
#7 {main}
ERROR - 2022-03-09 10:57:22 --> Unknown column 'company_name' in 'field list'
CRITICAL - 2022-03-09 10:57:22 --> Unknown column 'company_name' in 'field list'
#0 C:\laragon\www\crudci\system\Database\MySQLi\Connection.php(292): mysqli->query('INSERT INTO `co...', 0)
#1 C:\laragon\www\crudci\system\Database\BaseConnection.php(670): CodeIgniter\Database\MySQLi\Connection->execute('INSERT INTO `co...')
#2 C:\laragon\www\crudci\system\Database\BaseConnection.php(598): CodeIgniter\Database\BaseConnection->simpleQuery('INSERT INTO `co...')
#3 C:\laragon\www\crudci\system\Database\BaseBuilder.php(1771): CodeIgniter\Database\BaseConnection->query('INSERT INTO `co...', Array, false)
#4 C:\laragon\www\crudci\system\Model.php(239): CodeIgniter\Database\BaseBuilder->insert()
#5 C:\laragon\www\crudci\system\BaseModel.php(738): CodeIgniter\Model->doInsert(Array)
#6 C:\laragon\www\crudci\system\Model.php(625): CodeIgniter\BaseModel->insert(Array, true)
#7 C:\laragon\www\crudci\app\Controllers\Company.php(58): CodeIgniter\Model->insert(Array)
#8 C:\laragon\www\crudci\system\CodeIgniter.php(832): App\Controllers\Company->new()
#9 C:\laragon\www\crudci\system\CodeIgniter.php(419): CodeIgniter\CodeIgniter->runController(Object(App\Controllers\Company))
#10 C:\laragon\www\crudci\system\CodeIgniter.php(326): CodeIgniter\CodeIgniter->handleRequest(NULL, Object(Config\Cache), false)
#11 C:\laragon\www\crudci\public\index.php(37): CodeIgniter\CodeIgniter->run()
#12 {main}
